<?xml version="1.0" encoding="UTF-8"?>
<coverage generated="1636488937619" clover="3.2.0">
  <project timestamp="1636488937619" name="All files">
    <metrics statements="94" coveredstatements="49" conditionals="28" coveredconditionals="7" methods="32" coveredmethods="21" elements="154" coveredelements="77" complexity="0" loc="94" ncloc="94" packages="1" files="6" classes="6"/>
    <file name="App.js" path="C:\Users\Andres\Desktop\careerfoundry\meet\src\App.js">
      <metrics statements="18" coveredstatements="15" conditionals="4" coveredconditionals="4" methods="8" coveredmethods="7"/>
      <line num="12" count="6" type="stmt"/>
      <line num="20" count="6" type="stmt"/>
      <line num="21" count="6" type="stmt"/>
      <line num="22" count="6" type="cond" truecount="2" falsecount="0"/>
      <line num="23" count="3" type="stmt"/>
      <line num="29" count="5" type="stmt"/>
      <line num="32" count="6" type="stmt"/>
      <line num="33" count="2" type="stmt"/>
      <line num="34" count="2" type="cond" truecount="2" falsecount="0"/>
      <line num="36" count="8" type="stmt"/>
      <line num="37" count="2" type="stmt"/>
      <line num="38" count="2" type="stmt"/>
      <line num="44" count="6" type="stmt"/>
      <line num="45" count="0" type="stmt"/>
      <line num="46" count="0" type="stmt"/>
      <line num="49" count="0" type="stmt"/>
      <line num="53" count="11" type="stmt"/>
      <line num="54" count="11" type="stmt"/>
    </file>
    <file name="CitySearch.js" path="C:\Users\Andres\Desktop\careerfoundry\meet\src\CitySearch.js">
      <metrics statements="14" coveredstatements="14" conditionals="2" coveredconditionals="2" methods="8" coveredmethods="8"/>
      <line num="4" count="6" type="stmt"/>
      <line num="10" count="6" type="stmt"/>
      <line num="11" count="2" type="stmt"/>
      <line num="12" count="2" type="stmt"/>
      <line num="13" count="4" type="stmt"/>
      <line num="15" count="2" type="stmt"/>
      <line num="21" count="6" type="stmt"/>
      <line num="22" count="4" type="stmt"/>
      <line num="27" count="4" type="stmt"/>
      <line num="31" count="23" type="stmt"/>
      <line num="38" count="1" type="stmt"/>
      <line num="42" count="17" type="stmt"/>
      <line num="44" count="2" type="stmt"/>
      <line num="47" count="1" type="stmt"/>
    </file>
    <file name="EventList.js" path="C:\Users\Andres\Desktop\careerfoundry\meet\src\EventList.js">
      <metrics statements="3" coveredstatements="3" conditionals="0" coveredconditionals="0" methods="2" coveredmethods="2"/>
      <line num="6" count="10" type="stmt"/>
      <line num="7" count="10" type="stmt"/>
      <line num="10" count="36" type="stmt"/>
    </file>
    <file name="NumberOfEvents.js" path="C:\Users\Andres\Desktop\careerfoundry\meet\src\NumberOfEvents.js">
      <metrics statements="7" coveredstatements="3" conditionals="0" coveredconditionals="0" methods="3" coveredmethods="1"/>
      <line num="6" count="6" type="stmt"/>
      <line num="10" count="6" type="stmt"/>
      <line num="11" count="0" type="stmt"/>
      <line num="12" count="0" type="stmt"/>
      <line num="15" count="0" type="stmt"/>
      <line num="19" count="10" type="stmt"/>
      <line num="21" count="0" type="stmt"/>
    </file>
    <file name="api.js" path="C:\Users\Andres\Desktop\careerfoundry\meet\src\api.js">
      <metrics statements="51" coveredstatements="13" conditionals="22" coveredconditionals="1" methods="11" coveredmethods="3"/>
      <line num="13" count="2" type="stmt"/>
      <line num="14" count="48" type="stmt"/>
      <line num="15" count="6" type="stmt"/>
      <line num="16" count="6" type="stmt"/>
      <line num="19" count="2" type="stmt"/>
      <line num="20" count="0" type="stmt"/>
      <line num="23" count="0" type="stmt"/>
      <line num="24" count="0" type="stmt"/>
      <line num="25" count="0" type="stmt"/>
      <line num="28" count="2" type="stmt"/>
      <line num="29" count="10" type="stmt"/>
      <line num="31" count="10" type="cond" truecount="1" falsecount="1"/>
      <line num="32" count="10" type="stmt"/>
      <line num="33" count="10" type="stmt"/>
      <line num="37" count="0" type="stmt"/>
      <line num="39" count="0" type="cond" truecount="0" falsecount="2"/>
      <line num="40" count="0" type="stmt"/>
      <line num="41" count="0" type="stmt"/>
      <line num="42" count="0" type="stmt"/>
      <line num="43" count="0" type="cond" truecount="0" falsecount="2"/>
      <line num="44" count="0" type="stmt"/>
      <line num="45" count="0" type="stmt"/>
      <line num="46" count="0" type="stmt"/>
      <line num="48" count="0" type="stmt"/>
      <line num="49" count="0" type="stmt"/>
      <line num="53" count="2" type="stmt"/>
      <line num="54" count="0" type="stmt"/>
      <line num="55" count="0" type="cond" truecount="0" falsecount="2"/>
      <line num="57" count="0" type="cond" truecount="0" falsecount="4"/>
      <line num="58" count="0" type="stmt"/>
      <line num="59" count="0" type="stmt"/>
      <line num="60" count="0" type="stmt"/>
      <line num="61" count="0" type="cond" truecount="0" falsecount="2"/>
      <line num="62" count="0" type="stmt"/>
      <line num="65" count="0" type="stmt"/>
      <line num="66" count="0" type="stmt"/>
      <line num="68" count="0" type="cond" truecount="0" falsecount="2"/>
      <line num="70" count="0" type="stmt"/>
      <line num="72" count="2" type="stmt"/>
      <line num="73" count="0" type="cond" truecount="0" falsecount="4"/>
      <line num="75" count="0" type="stmt"/>
      <line num="79" count="0" type="stmt"/>
      <line num="81" count="0" type="stmt"/>
      <line num="82" count="0" type="stmt"/>
      <line num="86" count="2" type="stmt"/>
      <line num="87" count="0" type="stmt"/>
      <line num="88" count="0" type="stmt"/>
      <line num="92" count="0" type="stmt"/>
      <line num="94" count="0" type="stmt"/>
      <line num="96" count="0" type="cond" truecount="0" falsecount="2"/>
      <line num="98" count="0" type="stmt"/>
    </file>
    <file name="mock-data.js" path="C:\Users\Andres\Desktop\careerfoundry\meet\src\mock-data.js">
      <metrics statements="1" coveredstatements="1" conditionals="0" coveredconditionals="0" methods="0" coveredmethods="0"/>
      <line num="1" count="4" type="stmt"/>
    </file>
  </project>
</coverage>
