{"C:\\Users\\Andres\\Desktop\\careerfoundry\\meet\\src\\App.js": {"path":"C:\\Users\\Andres\\Desktop\\careerfoundry\\meet\\src\\App.js","statementMap":{"0":{"start":{"line":12,"column":10},"end":{"line":17,"column":3}},"1":{"start":{"line":20,"column":4},"end":{"line":20,"column":24}},"2":{"start":{"line":21,"column":4},"end":{"line":25,"column":7}},"3":{"start":{"line":22,"column":6},"end":{"line":24,"column":7}},"4":{"start":{"line":23,"column":8},"end":{"line":23,"column":71}},"5":{"start":{"line":29,"column":4},"end":{"line":29,"column":25}},"6":{"start":{"line":32,"column":17},"end":{"line":42,"column":3}},"7":{"start":{"line":33,"column":4},"end":{"line":41,"column":7}},"8":{"start":{"line":34,"column":29},"end":{"line":36,"column":61}},"9":{"start":{"line":36,"column":33},"end":{"line":36,"column":60}},"10":{"start":{"line":37,"column":33},"end":{"line":37,"column":43}},"11":{"start":{"line":38,"column":6},"end":{"line":40,"column":9}},"12":{"start":{"line":44,"column":21},"end":{"line":50,"column":3}},"13":{"start":{"line":45,"column":32},"end":{"line":45,"column":42}},"14":{"start":{"line":46,"column":4},"end":{"line":48,"column":7}},"15":{"start":{"line":49,"column":4},"end":{"line":49,"column":51}},"16":{"start":{"line":53,"column":50},"end":{"line":53,"column":60}},"17":{"start":{"line":54,"column":4},"end":{"line":70,"column":6}}},"fnMap":{"0":{"name":"(anonymous_0)","decl":{"start":{"line":19,"column":2},"end":{"line":19,"column":3}},"loc":{"start":{"line":19,"column":22},"end":{"line":26,"column":3}},"line":19},"1":{"name":"(anonymous_1)","decl":{"start":{"line":21,"column":21},"end":{"line":21,"column":22}},"loc":{"start":{"line":21,"column":33},"end":{"line":25,"column":5}},"line":21},"2":{"name":"(anonymous_2)","decl":{"start":{"line":28,"column":2},"end":{"line":28,"column":3}},"loc":{"start":{"line":28,"column":24},"end":{"line":30,"column":3}},"line":28},"3":{"name":"(anonymous_3)","decl":{"start":{"line":32,"column":17},"end":{"line":32,"column":18}},"loc":{"start":{"line":32,"column":31},"end":{"line":42,"column":3}},"line":32},"4":{"name":"(anonymous_4)","decl":{"start":{"line":33,"column":21},"end":{"line":33,"column":22}},"loc":{"start":{"line":33,"column":33},"end":{"line":41,"column":5}},"line":33},"5":{"name":"(anonymous_5)","decl":{"start":{"line":36,"column":22},"end":{"line":36,"column":23}},"loc":{"start":{"line":36,"column":33},"end":{"line":36,"column":60}},"line":36},"6":{"name":"(anonymous_6)","decl":{"start":{"line":44,"column":21},"end":{"line":44,"column":22}},"loc":{"start":{"line":44,"column":37},"end":{"line":50,"column":3}},"line":44},"7":{"name":"(anonymous_7)","decl":{"start":{"line":52,"column":2},"end":{"line":52,"column":3}},"loc":{"start":{"line":52,"column":11},"end":{"line":71,"column":3}},"line":52}},"branchMap":{"0":{"loc":{"start":{"line":22,"column":6},"end":{"line":24,"column":7}},"type":"if","locations":[{"start":{"line":22,"column":6},"end":{"line":24,"column":7}},{"start":{},"end":{}}],"line":22},"1":{"loc":{"start":{"line":34,"column":29},"end":{"line":36,"column":61}},"type":"cond-expr","locations":[{"start":{"line":35,"column":8},"end":{"line":35,"column":14}},{"start":{"line":36,"column":8},"end":{"line":36,"column":61}}],"line":34}},"s":{"0":6,"1":6,"2":6,"3":6,"4":3,"5":5,"6":6,"7":2,"8":2,"9":8,"10":2,"11":2,"12":6,"13":0,"14":0,"15":0,"16":11,"17":11},"f":{"0":6,"1":6,"2":5,"3":2,"4":2,"5":8,"6":0,"7":11},"b":{"0":[3,3],"1":[1,1]},"_coverageSchema":"1a1c01bbd47fc00a2c39e90264f33305004495a9","hash":"0f6b88ea679c742a991ad21fc3763b23f6b23ef6"}
,"C:\\Users\\Andres\\Desktop\\careerfoundry\\meet\\src\\CitySearch.js": {"path":"C:\\Users\\Andres\\Desktop\\careerfoundry\\meet\\src\\CitySearch.js","statementMap":{"0":{"start":{"line":4,"column":10},"end":{"line":8,"column":3}},"1":{"start":{"line":10,"column":23},"end":{"line":19,"column":3}},"2":{"start":{"line":11,"column":18},"end":{"line":11,"column":36}},"3":{"start":{"line":12,"column":24},"end":{"line":14,"column":6}},"4":{"start":{"line":13,"column":6},"end":{"line":13,"column":70}},"5":{"start":{"line":15,"column":4},"end":{"line":18,"column":7}},"6":{"start":{"line":21,"column":22},"end":{"line":28,"column":3}},"7":{"start":{"line":22,"column":4},"end":{"line":25,"column":7}},"8":{"start":{"line":27,"column":4},"end":{"line":27,"column":40}},"9":{"start":{"line":31,"column":4},"end":{"line":52,"column":6}},"10":{"start":{"line":38,"column":27},"end":{"line":38,"column":67}},"11":{"start":{"line":42,"column":12},"end":{"line":45,"column":30}},"12":{"start":{"line":44,"column":29},"end":{"line":44,"column":63}},"13":{"start":{"line":47,"column":29},"end":{"line":47,"column":58}}},"fnMap":{"0":{"name":"(anonymous_0)","decl":{"start":{"line":10,"column":23},"end":{"line":10,"column":24}},"loc":{"start":{"line":10,"column":34},"end":{"line":19,"column":3}},"line":10},"1":{"name":"(anonymous_1)","decl":{"start":{"line":12,"column":52},"end":{"line":12,"column":53}},"loc":{"start":{"line":12,"column":66},"end":{"line":14,"column":5}},"line":12},"2":{"name":"(anonymous_2)","decl":{"start":{"line":21,"column":22},"end":{"line":21,"column":23}},"loc":{"start":{"line":21,"column":38},"end":{"line":28,"column":3}},"line":21},"3":{"name":"(anonymous_3)","decl":{"start":{"line":30,"column":2},"end":{"line":30,"column":3}},"loc":{"start":{"line":30,"column":11},"end":{"line":53,"column":3}},"line":30},"4":{"name":"(anonymous_4)","decl":{"start":{"line":38,"column":19},"end":{"line":38,"column":20}},"loc":{"start":{"line":38,"column":25},"end":{"line":38,"column":69}},"line":38},"5":{"name":"(anonymous_5)","decl":{"start":{"line":41,"column":38},"end":{"line":41,"column":39}},"loc":{"start":{"line":42,"column":12},"end":{"line":45,"column":30}},"line":42},"6":{"name":"(anonymous_6)","decl":{"start":{"line":44,"column":23},"end":{"line":44,"column":24}},"loc":{"start":{"line":44,"column":29},"end":{"line":44,"column":63}},"line":44},"7":{"name":"(anonymous_7)","decl":{"start":{"line":47,"column":23},"end":{"line":47,"column":24}},"loc":{"start":{"line":47,"column":29},"end":{"line":47,"column":58}},"line":47}},"branchMap":{"0":{"loc":{"start":{"line":40,"column":43},"end":{"line":40,"column":95}},"type":"cond-expr","locations":[{"start":{"line":40,"column":72},"end":{"line":40,"column":74}},{"start":{"line":40,"column":76},"end":{"line":40,"column":95}}],"line":40}},"s":{"0":6,"1":6,"2":2,"3":2,"4":4,"5":2,"6":6,"7":4,"8":4,"9":23,"10":1,"11":17,"12":2,"13":1},"f":{"0":2,"1":4,"2":4,"3":23,"4":1,"5":17,"6":2,"7":1},"b":{"0":[1,22]},"_coverageSchema":"1a1c01bbd47fc00a2c39e90264f33305004495a9","hash":"68cf467e7714bf8a07e694d4fe05696120ec5169"}
,"C:\\Users\\Andres\\Desktop\\careerfoundry\\meet\\src\\EventList.js": {"path":"C:\\Users\\Andres\\Desktop\\careerfoundry\\meet\\src\\EventList.js","statementMap":{"0":{"start":{"line":6,"column":23},"end":{"line":6,"column":33}},"1":{"start":{"line":7,"column":4},"end":{"line":15,"column":6}},"2":{"start":{"line":10,"column":10},"end":{"line":12,"column":15}}},"fnMap":{"0":{"name":"(anonymous_0)","decl":{"start":{"line":5,"column":2},"end":{"line":5,"column":3}},"loc":{"start":{"line":5,"column":11},"end":{"line":16,"column":3}},"line":5},"1":{"name":"(anonymous_1)","decl":{"start":{"line":9,"column":20},"end":{"line":9,"column":21}},"loc":{"start":{"line":10,"column":10},"end":{"line":12,"column":15}},"line":10}},"branchMap":{},"s":{"0":10,"1":10,"2":36},"f":{"0":10,"1":36},"b":{},"_coverageSchema":"1a1c01bbd47fc00a2c39e90264f33305004495a9","hash":"327dcd62f9a272b834527862eba1a96fb66d3df5"}
,"C:\\Users\\Andres\\Desktop\\careerfoundry\\meet\\src\\NumberOfEvents.js": {"path":"C:\\Users\\Andres\\Desktop\\careerfoundry\\meet\\src\\NumberOfEvents.js","statementMap":{"0":{"start":{"line":6,"column":10},"end":{"line":8,"column":3}},"1":{"start":{"line":10,"column":23},"end":{"line":16,"column":3}},"2":{"start":{"line":11,"column":19},"end":{"line":11,"column":37}},"3":{"start":{"line":12,"column":4},"end":{"line":14,"column":7}},"4":{"start":{"line":15,"column":4},"end":{"line":15,"column":52}},"5":{"start":{"line":19,"column":4},"end":{"line":23,"column":6}},"6":{"start":{"line":21,"column":149},"end":{"line":21,"column":175}}},"fnMap":{"0":{"name":"(anonymous_0)","decl":{"start":{"line":10,"column":23},"end":{"line":10,"column":24}},"loc":{"start":{"line":10,"column":34},"end":{"line":16,"column":3}},"line":10},"1":{"name":"(anonymous_1)","decl":{"start":{"line":18,"column":2},"end":{"line":18,"column":3}},"loc":{"start":{"line":18,"column":11},"end":{"line":24,"column":3}},"line":18},"2":{"name":"(anonymous_2)","decl":{"start":{"line":21,"column":142},"end":{"line":21,"column":143}},"loc":{"start":{"line":21,"column":149},"end":{"line":21,"column":175}},"line":21}},"branchMap":{},"s":{"0":6,"1":6,"2":0,"3":0,"4":0,"5":10,"6":0},"f":{"0":0,"1":10,"2":0},"b":{},"_coverageSchema":"1a1c01bbd47fc00a2c39e90264f33305004495a9","hash":"5d350c4630d4e3314174424858cc9fea9e4a7d98"}
,"C:\\Users\\Andres\\Desktop\\careerfoundry\\meet\\src\\api.js": {"path":"C:\\Users\\Andres\\Desktop\\careerfoundry\\meet\\src\\api.js","statementMap":{"0":{"start":{"line":13,"column":33},"end":{"line":17,"column":1}},"1":{"start":{"line":14,"column":25},"end":{"line":14,"column":62}},"2":{"start":{"line":14,"column":47},"end":{"line":14,"column":61}},"3":{"start":{"line":15,"column":18},"end":{"line":15,"column":48}},"4":{"start":{"line":16,"column":2},"end":{"line":16,"column":19}},"5":{"start":{"line":19,"column":19},"end":{"line":26,"column":1}},"6":{"start":{"line":20,"column":17},"end":{"line":24,"column":35}},"7":{"start":{"line":23,"column":19},"end":{"line":23,"column":29}},"8":{"start":{"line":24,"column":22},"end":{"line":24,"column":34}},"9":{"start":{"line":25,"column":2},"end":{"line":25,"column":16}},"10":{"start":{"line":28,"column":25},"end":{"line":51,"column":1}},"11":{"start":{"line":29,"column":2},"end":{"line":29,"column":20}},"12":{"start":{"line":31,"column":2},"end":{"line":34,"column":3}},"13":{"start":{"line":32,"column":4},"end":{"line":32,"column":21}},"14":{"start":{"line":33,"column":4},"end":{"line":33,"column":20}},"15":{"start":{"line":37,"column":16},"end":{"line":37,"column":38}},"16":{"start":{"line":39,"column":2},"end":{"line":50,"column":3}},"17":{"start":{"line":40,"column":4},"end":{"line":40,"column":18}},"18":{"start":{"line":41,"column":16},"end":{"line":41,"column":105}},"19":{"start":{"line":42,"column":19},"end":{"line":42,"column":39}},"20":{"start":{"line":43,"column":4},"end":{"line":47,"column":5}},"21":{"start":{"line":44,"column":22},"end":{"line":44,"column":58}},"22":{"start":{"line":45,"column":6},"end":{"line":45,"column":70}},"23":{"start":{"line":46,"column":6},"end":{"line":46,"column":67}},"24":{"start":{"line":48,"column":4},"end":{"line":48,"column":21}},"25":{"start":{"line":49,"column":4},"end":{"line":49,"column":30}},"26":{"start":{"line":53,"column":30},"end":{"line":71,"column":1}},"27":{"start":{"line":54,"column":22},"end":{"line":54,"column":58}},"28":{"start":{"line":55,"column":21},"end":{"line":55,"column":67}},"29":{"start":{"line":57,"column":2},"end":{"line":69,"column":3}},"30":{"start":{"line":58,"column":4},"end":{"line":58,"column":50}},"31":{"start":{"line":59,"column":25},"end":{"line":59,"column":68}},"32":{"start":{"line":60,"column":17},"end":{"line":60,"column":47}},"33":{"start":{"line":61,"column":4},"end":{"line":67,"column":5}},"34":{"start":{"line":62,"column":22},"end":{"line":64,"column":7}},"35":{"start":{"line":65,"column":26},"end":{"line":65,"column":38}},"36":{"start":{"line":66,"column":6},"end":{"line":66,"column":46}},"37":{"start":{"line":68,"column":4},"end":{"line":68,"column":34}},"38":{"start":{"line":70,"column":2},"end":{"line":70,"column":21}},"39":{"start":{"line":72,"column":20},"end":{"line":84,"column":1}},"40":{"start":{"line":73,"column":2},"end":{"line":83,"column":3}},"41":{"start":{"line":75,"column":6},"end":{"line":78,"column":30}},"42":{"start":{"line":79,"column":4},"end":{"line":79,"column":45}},"43":{"start":{"line":81,"column":4},"end":{"line":81,"column":68}},"44":{"start":{"line":82,"column":4},"end":{"line":82,"column":45}},"45":{"start":{"line":86,"column":17},"end":{"line":99,"column":1}},"46":{"start":{"line":87,"column":21},"end":{"line":87,"column":45}},"47":{"start":{"line":88,"column":27},"end":{"line":94,"column":28}},"48":{"start":{"line":92,"column":6},"end":{"line":92,"column":24}},"49":{"start":{"line":94,"column":22},"end":{"line":94,"column":27}},"50":{"start":{"line":96,"column":2},"end":{"line":96,"column":69}},"51":{"start":{"line":98,"column":2},"end":{"line":98,"column":22}}},"fnMap":{"0":{"name":"(anonymous_0)","decl":{"start":{"line":13,"column":33},"end":{"line":13,"column":34}},"loc":{"start":{"line":13,"column":45},"end":{"line":17,"column":1}},"line":13},"1":{"name":"(anonymous_1)","decl":{"start":{"line":14,"column":36},"end":{"line":14,"column":37}},"loc":{"start":{"line":14,"column":47},"end":{"line":14,"column":61}},"line":14},"2":{"name":"(anonymous_2)","decl":{"start":{"line":19,"column":19},"end":{"line":19,"column":20}},"loc":{"start":{"line":19,"column":42},"end":{"line":26,"column":1}},"line":19},"3":{"name":"(anonymous_3)","decl":{"start":{"line":23,"column":10},"end":{"line":23,"column":11}},"loc":{"start":{"line":23,"column":19},"end":{"line":23,"column":29}},"line":23},"4":{"name":"(anonymous_4)","decl":{"start":{"line":24,"column":11},"end":{"line":24,"column":12}},"loc":{"start":{"line":24,"column":22},"end":{"line":24,"column":34}},"line":24},"5":{"name":"(anonymous_5)","decl":{"start":{"line":28,"column":25},"end":{"line":28,"column":26}},"loc":{"start":{"line":28,"column":37},"end":{"line":51,"column":1}},"line":28},"6":{"name":"(anonymous_6)","decl":{"start":{"line":53,"column":30},"end":{"line":53,"column":31}},"loc":{"start":{"line":53,"column":42},"end":{"line":71,"column":1}},"line":53},"7":{"name":"(anonymous_7)","decl":{"start":{"line":72,"column":20},"end":{"line":72,"column":21}},"loc":{"start":{"line":72,"column":26},"end":{"line":84,"column":1}},"line":72},"8":{"name":"(anonymous_8)","decl":{"start":{"line":86,"column":17},"end":{"line":86,"column":18}},"loc":{"start":{"line":86,"column":33},"end":{"line":99,"column":1}},"line":86},"9":{"name":"(anonymous_9)","decl":{"start":{"line":91,"column":10},"end":{"line":91,"column":11}},"loc":{"start":{"line":91,"column":19},"end":{"line":93,"column":5}},"line":91},"10":{"name":"(anonymous_10)","decl":{"start":{"line":94,"column":11},"end":{"line":94,"column":12}},"loc":{"start":{"line":94,"column":22},"end":{"line":94,"column":27}},"line":94}},"branchMap":{"0":{"loc":{"start":{"line":31,"column":2},"end":{"line":34,"column":3}},"type":"if","locations":[{"start":{"line":31,"column":2},"end":{"line":34,"column":3}},{"start":{},"end":{}}],"line":31},"1":{"loc":{"start":{"line":39,"column":2},"end":{"line":50,"column":3}},"type":"if","locations":[{"start":{"line":39,"column":2},"end":{"line":50,"column":3}},{"start":{},"end":{}}],"line":39},"2":{"loc":{"start":{"line":43,"column":4},"end":{"line":47,"column":5}},"type":"if","locations":[{"start":{"line":43,"column":4},"end":{"line":47,"column":5}},{"start":{},"end":{}}],"line":43},"3":{"loc":{"start":{"line":55,"column":21},"end":{"line":55,"column":67}},"type":"binary-expr","locations":[{"start":{"line":55,"column":21},"end":{"line":55,"column":32}},{"start":{"line":55,"column":37},"end":{"line":55,"column":66}}],"line":55},"4":{"loc":{"start":{"line":57,"column":2},"end":{"line":69,"column":3}},"type":"if","locations":[{"start":{"line":57,"column":2},"end":{"line":69,"column":3}},{"start":{},"end":{}}],"line":57},"5":{"loc":{"start":{"line":57,"column":6},"end":{"line":57,"column":38}},"type":"binary-expr","locations":[{"start":{"line":57,"column":6},"end":{"line":57,"column":18}},{"start":{"line":57,"column":22},"end":{"line":57,"column":38}}],"line":57},"6":{"loc":{"start":{"line":61,"column":4},"end":{"line":67,"column":5}},"type":"if","locations":[{"start":{"line":61,"column":4},"end":{"line":67,"column":5}},{"start":{},"end":{}}],"line":61},"7":{"loc":{"start":{"line":68,"column":11},"end":{"line":68,"column":33}},"type":"binary-expr","locations":[{"start":{"line":68,"column":11},"end":{"line":68,"column":15}},{"start":{"line":68,"column":19},"end":{"line":68,"column":33}}],"line":68},"8":{"loc":{"start":{"line":73,"column":2},"end":{"line":83,"column":3}},"type":"if","locations":[{"start":{"line":73,"column":2},"end":{"line":83,"column":3}},{"start":{"line":80,"column":9},"end":{"line":83,"column":3}}],"line":73},"9":{"loc":{"start":{"line":73,"column":6},"end":{"line":73,"column":58}},"type":"binary-expr","locations":[{"start":{"line":73,"column":6},"end":{"line":73,"column":30}},{"start":{"line":73,"column":34},"end":{"line":73,"column":58}}],"line":73},"10":{"loc":{"start":{"line":96,"column":2},"end":{"line":96,"column":68}},"type":"binary-expr","locations":[{"start":{"line":96,"column":2},"end":{"line":96,"column":14}},{"start":{"line":96,"column":18},"end":{"line":96,"column":68}}],"line":96}},"s":{"0":2,"1":6,"2":48,"3":6,"4":6,"5":2,"6":0,"7":0,"8":0,"9":0,"10":2,"11":10,"12":10,"13":10,"14":10,"15":0,"16":0,"17":0,"18":0,"19":0,"20":0,"21":0,"22":0,"23":0,"24":0,"25":0,"26":2,"27":0,"28":0,"29":0,"30":0,"31":0,"32":0,"33":0,"34":0,"35":0,"36":0,"37":0,"38":0,"39":2,"40":0,"41":0,"42":0,"43":0,"44":0,"45":2,"46":0,"47":0,"48":0,"49":0,"50":0,"51":0},"f":{"0":6,"1":48,"2":0,"3":0,"4":0,"5":10,"6":0,"7":0,"8":0,"9":0,"10":0},"b":{"0":[10,0],"1":[0,0],"2":[0,0],"3":[0,0],"4":[0,0],"5":[0,0],"6":[0,0],"7":[0,0],"8":[0,0],"9":[0,0],"10":[0,0]},"_coverageSchema":"1a1c01bbd47fc00a2c39e90264f33305004495a9","hash":"fd6abf42edb6d72ac77a6ccf54a2c62a76c3a212"}
,"C:\\Users\\Andres\\Desktop\\careerfoundry\\meet\\src\\mock-data.js": {"path":"C:\\Users\\Andres\\Desktop\\careerfoundry\\meet\\src\\mock-data.js","statementMap":{"0":{"start":{"line":1,"column":17},"end":{"line":314,"column":1}}},"fnMap":{},"branchMap":{},"s":{"0":4},"f":{},"b":{},"_coverageSchema":"1a1c01bbd47fc00a2c39e90264f33305004495a9","hash":"a20a588a0e5b4685b9388190660482a525516a9b"}
}
