TN:
SF:src\App.js
FN:19,(anonymous_0)
FN:21,(anonymous_1)
FN:28,(anonymous_2)
FN:32,(anonymous_3)
FN:33,(anonymous_4)
FN:36,(anonymous_5)
FN:44,(anonymous_6)
FN:52,(anonymous_7)
FNF:8
FNH:7
FNDA:6,(anonymous_0)
FNDA:6,(anonymous_1)
FNDA:5,(anonymous_2)
FNDA:2,(anonymous_3)
FNDA:2,(anonymous_4)
FNDA:8,(anonymous_5)
FNDA:0,(anonymous_6)
FNDA:11,(anonymous_7)
DA:12,6
DA:20,6
DA:21,6
DA:22,6
DA:23,3
DA:29,5
DA:32,6
DA:33,2
DA:34,2
DA:36,8
DA:37,2
DA:38,2
DA:44,6
DA:45,0
DA:46,0
DA:49,0
DA:53,11
DA:54,11
LF:18
LH:15
BRDA:22,0,0,3
BRDA:22,0,1,3
BRDA:34,1,0,1
BRDA:34,1,1,1
BRF:4
BRH:4
end_of_record
TN:
SF:src\CitySearch.js
FN:10,(anonymous_0)
FN:12,(anonymous_1)
FN:21,(anonymous_2)
FN:30,(anonymous_3)
FN:38,(anonymous_4)
FN:41,(anonymous_5)
FN:44,(anonymous_6)
FN:47,(anonymous_7)
FNF:8
FNH:8
FNDA:2,(anonymous_0)
FNDA:4,(anonymous_1)
FNDA:4,(anonymous_2)
FNDA:23,(anonymous_3)
FNDA:1,(anonymous_4)
FNDA:17,(anonymous_5)
FNDA:2,(anonymous_6)
FNDA:1,(anonymous_7)
DA:4,6
DA:10,6
DA:11,2
DA:12,2
DA:13,4
DA:15,2
DA:21,6
DA:22,4
DA:27,4
DA:31,23
DA:38,1
DA:42,17
DA:44,2
DA:47,1
LF:14
LH:14
BRDA:40,0,0,1
BRDA:40,0,1,22
BRF:2
BRH:2
end_of_record
TN:
SF:src\EventList.js
FN:5,(anonymous_0)
FN:9,(anonymous_1)
FNF:2
FNH:2
FNDA:10,(anonymous_0)
FNDA:36,(anonymous_1)
DA:6,10
DA:7,10
DA:10,36
LF:3
LH:3
BRF:0
BRH:0
end_of_record
TN:
SF:src\NumberOfEvents.js
FN:10,(anonymous_0)
FN:18,(anonymous_1)
FN:21,(anonymous_2)
FNF:3
FNH:1
FNDA:0,(anonymous_0)
FNDA:10,(anonymous_1)
FNDA:0,(anonymous_2)
DA:6,6
DA:10,6
DA:11,0
DA:12,0
DA:15,0
DA:19,10
DA:21,0
LF:7
LH:3
BRF:0
BRH:0
end_of_record
TN:
SF:src\api.js
FN:13,(anonymous_0)
FN:14,(anonymous_1)
FN:19,(anonymous_2)
FN:23,(anonymous_3)
FN:24,(anonymous_4)
FN:28,(anonymous_5)
FN:53,(anonymous_6)
FN:72,(anonymous_7)
FN:86,(anonymous_8)
FN:91,(anonymous_9)
FN:94,(anonymous_10)
FNF:11
FNH:3
FNDA:6,(anonymous_0)
FNDA:48,(anonymous_1)
FNDA:0,(anonymous_2)
FNDA:0,(anonymous_3)
FNDA:0,(anonymous_4)
FNDA:10,(anonymous_5)
FNDA:0,(anonymous_6)
FNDA:0,(anonymous_7)
FNDA:0,(anonymous_8)
FNDA:0,(anonymous_9)
FNDA:0,(anonymous_10)
DA:13,2
DA:14,48
DA:15,6
DA:16,6
DA:19,2
DA:20,0
DA:23,0
DA:24,0
DA:25,0
DA:28,2
DA:29,10
DA:31,10
DA:32,10
DA:33,10
DA:37,0
DA:39,0
DA:40,0
DA:41,0
DA:42,0
DA:43,0
DA:44,0
DA:45,0
DA:46,0
DA:48,0
DA:49,0
DA:53,2
DA:54,0
DA:55,0
DA:57,0
DA:58,0
DA:59,0
DA:60,0
DA:61,0
DA:62,0
DA:65,0
DA:66,0
DA:68,0
DA:70,0
DA:72,2
DA:73,0
DA:75,0
DA:79,0
DA:81,0
DA:82,0
DA:86,2
DA:87,0
DA:88,0
DA:92,0
DA:94,0
DA:96,0
DA:98,0
LF:51
LH:13
BRDA:31,0,0,10
BRDA:31,0,1,0
BRDA:39,1,0,0
BRDA:39,1,1,0
BRDA:43,2,0,0
BRDA:43,2,1,0
BRDA:55,3,0,0
BRDA:55,3,1,0
BRDA:57,4,0,0
BRDA:57,4,1,0
BRDA:57,5,0,0
BRDA:57,5,1,0
BRDA:61,6,0,0
BRDA:61,6,1,0
BRDA:68,7,0,0
BRDA:68,7,1,0
BRDA:73,8,0,0
BRDA:73,8,1,0
BRDA:73,9,0,0
BRDA:73,9,1,0
BRDA:96,10,0,0
BRDA:96,10,1,0
BRF:22
BRH:1
end_of_record
TN:
SF:src\mock-data.js
FNF:0
FNH:0
DA:1,4
LF:1
LH:1
BRF:0
BRH:0
end_of_record
